Parsed 254 mapped spots from constants/discover.ts

[1/254] OK        Gino Sorbillo (Centro Storico) — 0.36 km
[2/254] OK        L'Antica Pizzeria da Michele (Forcella) — 0.02 km
[3/254] OK        Da Attilio (Pignasecca) — 0.25 km
[4/254] NOT FOUND Sta'Rita (Centro)
[5/254] NOT FOUND Antica Pizzeria Chiaia (Chiaia)
[6/254] MOVED     Pizzeria Salvo (Riviera di Chiaia) — 1.10 km
[7/254] OK        50 Kalò (Mergellina) — 0.60 km
[8/254] OK        La Notizia (Vomero) — 0.31 km
[9/254] OK        Diego Vitagliano (10) (Bagnoli) — 0.58 km
[10/254] OK        La Figlia del Presidente (Centro Storico) — 0.29 km
[11/254] MOVED     Errico Porzio (Soccavo) — 3.89 km
[12/254] OK        Di Matteo (Via dei Tribunali) — 0.05 km
[13/254] NOT FOUND 12 Morsi (Chiaia)
[14/254] MOVED     Puok Burger (Centro) — 2.73 km
[15/254] NOT FOUND Smesh (Centro Storico)
[16/254] NOT FOUND Macelleria e Hamburgheria D'Ausilio Raffaele (Montesanto)
[17/254] MOVED     Thai e Vai (Centro) — 0.81 km
[18/254] NOT FOUND Mumu (Centro)
[19/254] MOVED     Miss Bao (Centro) — 1.53 km
[20/254] MOVED     Loong Xii Xii (Centro) — 2.29 km
[21/254] NOT FOUND Mughal e Azam (Centro)
[22/254] NOT FOUND Cicciarao (Centro)
[23/254] NOT FOUND Kiole (Chiaia)
[24/254] NOT FOUND Entre Causas (Chiaia)
[25/254] MOVED     Barbeqool (Centro) — 1.94 km
[26/254] NOT FOUND Soraya (Centro)
[27/254] OK        Red Marrakech (Centro) — 0.06 km
[28/254] NOT FOUND Tiflis (Centro)
[29/254] MOVED     Neapolis (Centro) — 2.50 km
[30/254] MOVED     Giorgos (Chiaia) — 1.76 km
[31/254] NOT FOUND Carnesa Churrascaria Brasiliana (Fuorigrotta)
[32/254] NOT FOUND La Brasa (Chiaia)
[33/254] MOVED     Granfuoco (Posillipo) — 1.67 km
[34/254] NOT FOUND La Fattoria del Campiglione (Pozzuoli)
[35/254] MOVED     A Figlia d'o Marenaro (Via Foria) — 0.63 km
[36/254] MOVED     Miracolo dei Pesci (Mergellina) — 0.68 km
[37/254] MOVED     Pescheria Azzurra (Centro) — 0.99 km
[38/254] OK        Pescheria Mattiucci (Chiaia) — 0.12 km
[39/254] NOT FOUND L'Ostricharo (Chiaia)
[40/254] OK        Antichi Sapori Partenopei (Chiaia) — 0.36 km
[41/254] OK        A Taverna d'e Zoccole (Quartieri Spagnoli) — 0.10 km
[42/254] OK        Sottocoperta (Centro) — 0.32 km
[43/254] OK        Zi' Teresa (Borgo Marinari) — 0.18 km
[44/254] OK        Transatlantico (Borgo Marinari) — 0.03 km
[45/254] NOT FOUND Coco Loco (Chiaia)
[46/254] NOT FOUND J Sushi (Centro / Porto)
[47/254] MOVED     Aria (Centro) — 14.02 km
[48/254] OK        Essência (Centro) — 0.35 km
[49/254] MOVED     George (Corso V. Emanuele) — 16.94 km
[50/254] NOT FOUND Veritas (Chiaia)
[51/254] NOT FOUND Ruri Izakaya (Chiaia)
[52/254] NOT FOUND Urubamba (Chiaia)
[53/254] OK        Cicciotto Marechiaro (Posillipo) — 0.40 km
[54/254] MOVED     Palazzo Petrucci (Posillipo) — 3.52 km
[55/254] NOT FOUND Persika (Chiaia)
[56/254] MOVED     Diego (Chiaia) — 0.72 km
[57/254] NOT FOUND Ebrezza di Noè (Chiaia)
[58/254] NOT FOUND Cap'Alice (Chiaia)
[59/254] OK        Donna Romita (Centro Storico) — 0.28 km
[60/254] OK        Upnea (Centro Storico) — 0.16 km
[61/254] MOVED     Signora Bettola (Multiple) — 2.39 km
[62/254] OK        Trattoria da Nennella (Centro) — 0.27 km
[63/254] MOVED     Ristorante Reginella (Posillipo) — 1.09 km
[64/254] MOVED     Calasole (Posillipo) — 1.83 km
[65/254] MOVED     O'Pazz (Posillipo) — 0.82 km
[66/254] MOVED     Tufo (Posillipo) — 2.59 km
[67/254] NOT FOUND Locanda del Gesù Vecchio (Centro Storico)
[68/254] OK        Taverna dell'Arte (Centro Storico) — 0.18 km
[69/254] OK        Mimì alla Ferrovia (Stazione) — 0.18 km
[70/254] NOT FOUND Osteria Napullion (Chiaia)
[71/254] NOT FOUND Osteria Carmella (Centro)
[72/254] OK        Vinarium (Chiaia) — 0.19 km
[73/254] NOT FOUND Abraxas Osteria (Pozzuoli)
[74/254] OK        Januarius (Duomo) — 0.09 km
[75/254] NOT FOUND Osteria Pignatelli (Chiaia)
[76/254] OK        Trattoria dell'Oca (Chiaia) — 0.37 km
[77/254] OK        Tandem Ragù (Centro Storico) — 0.03 km
[78/254] OK        Buatta (Vomero) — 0.21 km
[79/254] MOVED     Pastena (Centro) — 28.40 km
[80/254] OK        Friggitoria Vomero (Vomero) — 0.47 km
[81/254] OK        Friggitoria Fiorenzano (Pignasecca) — 0.30 km
[82/254] MOVED     Tarallificio Leopoldo (Multiple) — 4.06 km
[83/254] OK        Di Matteo (Via dei Tribunali) — 0.05 km
[84/254] MOVED     Di Costanzo (Centro Storico) — 10.64 km
[85/254] OK        Attanasio (Stazione) — 0.22 km
[86/254] OK        Poppella (Multiple) — 0.11 km
[87/254] MOVED     Gay Odin (Multiple) — 1.33 km
[88/254] OK        Pitera (Chiaia) — 0.45 km
[89/254] OK        Ciro a Mergellina (Mergellina) — 0.28 km
[90/254] MOVED     Casa Infante (Multiple) — 1.45 km
[91/254] MOVED     Mennella (Multiple) — 1.66 km
[92/254] MOVED     Pastena (Centro) — 28.40 km
[93/254] NOT FOUND Alimentari Coscia (Centro)
[94/254] OK        Con Mollica o Senza (Centro) — 0.47 km
[95/254] MOVED     Bowl Napoli (Multiple) — 0.65 km
[96/254] OK        Cibi Cotti (Mergellina) — 0.31 km
[97/254] OK        Vinarium (Chiaia) — 0.19 km
[98/254] OK        Cantina della Sapienza (Centro Storico) — 0.23 km
[99/254] NOT FOUND Novità (Centro)
[100/254] NOT FOUND Lazzarelle Bistrot (Centro Storico)
[101/254] NOT FOUND Osteria Fa Ciccio e Mery (Centro)
[102/254] NOT FOUND Fiero (Mergellina)
[103/254] NOT FOUND Acqualatte (Mergellina)
[104/254] NOT FOUND Caseificio F.lli Petrella (Centro)
[105/254] MOVED     La Tradizione (Vomero) — 10.59 km
[106/254] NOT FOUND Latteria Sorrentina (Multiple)
[107/254] OK        Zero (Centro) — 0.19 km
[108/254] MOVED     Bowl Napoli (Multiple) — 0.65 km
[109/254] MOVED     Poke House (Multiple) — 21.45 km
[110/254] OK        Birdy's (Chiaia) — 0.27 km
[111/254] OK        Zero (Near Teatro San Carlo) — 0.20 km
[112/254] OK        It's (Centro) — 0.28 km
[113/254] NOT FOUND Posca (Centro)
[114/254] NOT FOUND Riverso (Vomero)
[115/254] NOT FOUND Lazzarelle Bistrot (Centro Storico)
[116/254] MOVED     The Florist (Via Foria) — 10.33 km
[117/254] OK        O'Grin (Centro) — 0.29 km
[118/254] OK        Cu.Qu (Quartieri Spagnoli) — 0.42 km
[119/254] NOT FOUND Miss Pancake (Vomero)
[120/254] OK        L'Antiquario (Chiaia) — 0.37 km
[121/254] NOT FOUND Gaaastronomia (Centro)
[122/254] NOT FOUND Anthill (Centro)
[123/254] OK        Archivio Storico (Vomero) — 0.55 km
[124/254] NOT FOUND DOM (Centro Storico)
[125/254] MOVED     Moby Dick (Centro) — 15.66 km
[126/254] OK        Flanagan's (Multiple) — 0.27 km
[127/254] OK        Fonoteca (Vomero) — 0.50 km
[128/254] OK        Ex Salumeria (Centro) — 0.23 km
[129/254] NOT FOUND Peppe Vintage (Centro)
[130/254] NOT FOUND Gluu (Centro Storico)
[131/254] MOVED     Jus (Chiaia) — 0.77 km
[132/254] OK        Indovino (Montesanto) — 0.54 km
[133/254] NOT FOUND Vineria Bandita (Vomero)
[134/254] OK        Enoteca Belledonne (Chiaia) — 0.24 km
[135/254] NOT FOUND Wine Bausan (Chiaia)
[136/254] NOT FOUND Vino Franco (Centro)
[137/254] OK        Vinarium (Chiaia) — 0.19 km
[138/254] MOVED     Puteca (Via Chiaia) — 1.76 km
[139/254] NOT FOUND Vinneapolis (Bagnoli)
[140/254] MOVED     Mosto (Multiple) — 1.25 km
[141/254] OK        OAK (Centro) — 0.16 km
[142/254] NOT FOUND Kitebeer (Municipio)
[143/254] MOVED     Hoppy Ending (Vomero) — 0.61 km
[144/254] NOT FOUND Loop (Vomero)
[145/254] OK        Carafa della Spina (Duomo) — 0.20 km
[146/254] OK        Biergarten (Vomero) — 0.36 km
[147/254] NOT FOUND Bayern Haus (Vomero)
[148/254] NOT FOUND Bridge Brew Bar (Centro)
[149/254] OK        Beer Garden Coroglio (Bagnoli) — 0.27 km
[150/254] NOT FOUND Cantina Sociale (Chiaia)
[151/254] NOT FOUND Barril (Chiaia)
[152/254] OK        Chandelier (Chiaia) — 0.35 km
[153/254] NOT FOUND Pacu (Posillipo)
[154/254] NOT FOUND Ba-Bar (Centro (by the university))
[155/254] OK        Zero (Near Teatro San Carlo) — 0.20 km
[156/254] NOT FOUND 20 Metri Quadri (Vomero)
[157/254] NOT FOUND Diaz Microtorrefazione (Centro)
[158/254] OK        It's (Chiaia) — 0.46 km
[159/254] MOVED     Sansone (Corso V. Emanuele) — 6.89 km
[160/254] NOT FOUND Minimo Coffee Workspace (Centro)
[161/254] OK        Palazzo Venezia (Centro) — 0.13 km
[162/254] OK        Gran Caffè Gambrinus (Centro) — 0.14 km
[163/254] MOVED     Bar Mexico (Piazza Dante) — 13.24 km
[164/254] OK        Via San Gregorio Armeno (Centro Storico) — 0.09 km
[165/254] MOVED     E. Marinella (Riviera di Chiaia) — 25.64 km
[166/254] NOT FOUND Liuteria Calace (Centro Storico)
[167/254] MOVED     Ferrigno (San Gregorio Armeno) — 4.00 km
[168/254] NOT FOUND Ascione Coralli (Galleria Umberto)
[169/254] NOT FOUND Sara Lubrano Sentimental Jewellery (Chiaia)
[170/254] OK        Mario Talarico (Via Toledo) — 0.12 km
[171/254] OK        Tramontano (Via Chiaia) — 0.43 km
[172/254] NOT FOUND Omega Guanti (Centro)
[173/254] NOT FOUND Lello Esposito (Centro Storico)
[174/254] OK        MANN — Museo Archeologico (Centro) — 0.05 km
[175/254] OK        Museo di Capodimonte (Capodimonte) — 0.09 km
[176/254] OK        Certosa e Museo di San Martino (Vomero) — 0.03 km
[177/254] OK        Cappella Sansevero (Centro Storico) — 0.08 km
[178/254] OK        Palazzo Reale (Piazza Plebiscito) — 0.06 km
[179/254] OK        Madre (Centro) — 0.24 km
[180/254] OK        Gallerie d’Italia (Via Toledo) — 0.05 km
[181/254] MOVED     Cimitero delle Fontanelle (Sanità) — 0.61 km
[182/254] OK        Catacombe di San Gennaro (Sanità) — 0.16 km
[183/254] OK        Napoli Sotterranea (Centro Storico) — 0.15 km
[184/254] NOT FOUND Pompeii & Herculaneum (~30 min by train)
[185/254] OK        Sorrento (Sorrentine Peninsula) — 0.17 km
[186/254] MOVED     Amalfi Coast (Amalfi / Positano) — 4.29 km
[187/254] MOVED     Capri (Bay island) — 0.71 km
[188/254] OK        Ischia (Bay island) — 0.44 km
[189/254] MOVED     Procida (Bay island) — 0.70 km
[190/254] NOT FOUND Baia underwater ruins (Bacoli)
[191/254] NOT FOUND Avellino wineries (Irpinia)
[192/254] MOVED     Gaeta (South Lazio) — 70.15 km
[193/254] NOT FOUND Borghi of Campania (Inland hamlets)
[194/254] NOT FOUND Agriturismo in the hills (Campania countryside)
[195/254] MOVED     Terme di Agnano (Agnano) — 0.77 km
[196/254] MOVED     Stufe di Nerone (Bacoli) — 1.65 km
[197/254] MOVED     Giardini Poseidon Terme (Ischia) — 1.98 km
[198/254] OK        Negombo (Ischia) — 0.54 km
[199/254] NOT FOUND Terme di Castiglione (Ischia)
[200/254] NOT FOUND Romeo Hotel Spa (Porto)
[201/254] NOT FOUND Grand Hotel Vesuvio Spa (Santa Lucia)
[202/254] MOVED     Bosco di Capodimonte (Capodimonte) — 0.91 km
[203/254] MOVED     Parco Virgiliano (Posillipo) — 1.03 km
[204/254] MOVED     Villa Comunale (Chiaia) — 0.65 km
[205/254] OK        Villa Floridiana (Vomero) — 0.06 km
[206/254] OK        Orto Botanico (Via Foria) — 0.14 km
[207/254] OK        Parco del Poggio (Colli Aminei) — 0.58 km
[208/254] NOT FOUND Parco Vergiliano a Piedigrotta (Mergellina)
[209/254] OK        Parco Mascagna (Vomero) — 0.49 km
[210/254] MOVED     Cratere degli Astroni (Agnano) — 1.36 km
[211/254] NOT FOUND Gaiola Marine Park (Posillipo)
[212/254] NOT FOUND La Pignasecca (Montesanto)
[213/254] OK        Porta Nolana (Garibaldi) — 0.06 km
[214/254] MOVED     Mercato di Poggioreale (Poggioreale) — 1.21 km
[215/254] OK        Antignano (Vomero) — 0.14 km
[216/254] NOT FOUND La Torretta (Mergellina)
[217/254] MOVED     Mercato di Fuorigrotta (Fuorigrotta) — 1.15 km
[218/254] NOT FOUND Mercatino di Resina (Ercolano)
[219/254] MOVED     Sant'Antonio Abate (Centro) — 27.85 km
[220/254] OK        Kestè (Centro) — 0.02 km
[221/254] OK        Bourbon Street (Centro Storico) — 0.27 km
[222/254] NOT FOUND Around Midnight (Vomero)
[223/254] NOT FOUND Blue Turtle Jazz (Chiaia)
[224/254] NOT FOUND Lanificio 25 (Vergini)
[225/254] MOVED     Casa della Musica (Fuorigrotta) — 1.44 km
[226/254] NOT FOUND Mamamù (Centro)
[227/254] OK        Craft (Centro) — 0.36 km
[228/254] OK        Beer Garden Coroglio (Bagnoli) — 0.27 km
[229/254] NOT FOUND Common Ground (Vomero)
[230/254] MOVED     Arenile Reload (Bagnoli) — 1.45 km
[231/254] MOVED     Nabilah (Bacoli) — 3.46 km
[232/254] NOT FOUND Rama Beach (Bacoli)
[233/254] NOT FOUND Duel Beach (Bacoli)
[234/254] NOT FOUND Praja (Pozzuoli)
[235/254] NOT FOUND Common Ground (Vomero)
[236/254] OK        Teatro di San Carlo (Via San Carlo) — 0.06 km
[237/254] OK        Teatro Bellini (Centro) — 0.11 km
[238/254] OK        Teatro Mercadante (Piazza Municipio) — 0.11 km
[239/254] NOT FOUND Teatro Trianon Viviani (Forcella)
[240/254] OK        Teatro San Ferdinando (Centro) — 0.34 km
[241/254] OK        Teatro Augusteo (Piazzetta Augusteo) — 0.09 km
[242/254] OK        Teatro Diana (Vomero) — 0.33 km
[243/254] OK        Teatro Sannazaro (Via Chiaia) — 0.32 km
[244/254] OK        Multicinema Modernissimo (Centro Storico) — 0.08 km
[245/254] MOVED     The Space Cinema (Fuorigrotta) — 1.63 km
[246/254] MOVED     Murphy's Law (Vomero) — 25.94 km
[247/254] NOT FOUND Sinclair Scottish Pub (Vomero)
[248/254] MOVED     Flannery (Fuorigrotta) — 1.21 km
[249/254] OK        Biergarten (Vomero) — 0.36 km
[250/254] OK        L'Oca Nera (Vomero) — 0.45 km
[251/254] MOVED     Frank Malone (Vomero) — 0.75 km
[252/254] OK        Penny Black (Vomero) — 0.19 km
[253/254] NOT FOUND Pub Viktoria Platz (Vomero)
[254/254] NOT FOUND Herr Daniel (Vomero)

============================================================
OK: 97  |  MOVED: 65  |  NOT FOUND: 92
Report : scripts/geocode-report-2026-06-25.md
Patches: scripts/geocode-patches.json (162 confident pins)
