Parsed 283 mapped spots from constants/discover.ts

[1/283] OK        Gino Sorbillo (Centro Storico) — 0.00 km
[2/283] OK        L'Antica Pizzeria da Michele (Forcella) — 0.00 km
[3/283] OK        Da Attilio (Pignasecca) — 0.00 km
[4/283] NOT FOUND Sta'Rita (Centro)
[5/283] NOT FOUND Antica Pizzeria Chiaia (Chiaia)
[6/283] OK        Pizzeria Salvo (Riviera di Chiaia) — 0.00 km
[7/283] OK        50 Kalò (Mergellina) — 0.00 km
[8/283] OK        La Notizia (Vomero) — 0.00 km
[9/283] OK        Diego Vitagliano (10) (Bagnoli) — 0.00 km
[10/283] OK        La Figlia del Presidente (Centro Storico) — 0.00 km
[11/283] MOVED     Errico Porzio (Multiple) — 3.89 km
[12/283] OK        Di Matteo (Via dei Tribunali) — 0.00 km
[13/283] NOT FOUND 12 Morsi (Chiaia)
[14/283] OK        Puok Burger (Multiple) — 0.16 km
[15/283] NOT FOUND Smesh (Centro Storico)
[16/283] NOT FOUND Macelleria e Hamburgheria D'Ausilio Raffaele (Montesanto)
[17/283] MOVED     Thai e Vai (Vomero) — 2.71 km
[18/283] NOT FOUND Mumu (Centro)
[19/283] MOVED     Miss Bao (Centro) — 1.53 km
[20/283] MOVED     Loong Xii Xii (Centro) — 2.29 km
[21/283] NOT FOUND Mughal e Azam (Centro)
[22/283] NOT FOUND Cicciarao (Centro)
[23/283] NOT FOUND Kiole (Chiaia)
[24/283] NOT FOUND Entre Causas (Chiaia)
[25/283] OK        Barbeqool (Vomero) — 0.00 km
[26/283] NOT FOUND Soraya (Centro)
[27/283] OK        Red Marrakech (Centro) — 0.00 km
[28/283] NOT FOUND Tiflis (Centro)
[29/283] MOVED     Neapolis (Centro) — 2.50 km
[30/283] OK        Giorgos (Centro) — 0.00 km
[31/283] NOT FOUND Carnesa Churrascaria Brasiliana (Fuorigrotta)
[32/283] NOT FOUND La Fattoria del Campiglione (Pozzuoli)
[33/283] NOT FOUND La Brasa (Chiaia)
[34/283] MOVED     Granfuoco (Posillipo) — 1.67 km
[35/283] OK        A Figlia d'o Marenaro (Via Foria) — 0.00 km
[36/283] OK        Miracolo dei Pesci (Mergellina) — 0.00 km
[37/283] OK        Pescheria Azzurra (Centro) — 0.00 km
[38/283] OK        Pescheria Mattiucci (Chiaia) — 0.00 km
[39/283] NOT FOUND L'Ostricharo (Chiaia)
[40/283] OK        Antichi Sapori Partenopei (Chiaia) — 0.00 km
[41/283] OK        A Taverna d'e Zoccole (Quartieri Spagnoli) — 0.00 km
[42/283] OK        Sottocoperta (Centro) — 0.00 km
[43/283] OK        Zi' Teresa (Borgo Marinari) — 0.00 km
[44/283] OK        Transatlantico (Borgo Marinari) — 0.00 km
[45/283] NOT FOUND Coco Loco (Chiaia)
[46/283] NOT FOUND J Sushi (Centro / Porto)
[47/283] MOVED     Aria (Centro) — 14.02 km
[48/283] OK        Essência (Centro) — 0.00 km
[49/283] MOVED     George (Corso V. Emanuele) — 16.93 km
[50/283] NOT FOUND Veritas (Chiaia)
[51/283] NOT FOUND Ruri Izakaya (Chiaia)
[52/283] NOT FOUND Urubamba (Chiaia)
[53/283] OK        Cicciotto Marechiaro (Posillipo) — 0.06 km
[54/283] OK        Palazzo Petrucci (Mergellina) — 0.00 km
[55/283] NOT FOUND Persika (Chiaia)
[56/283] OK        Diego (Chiaia) — 0.00 km
[57/283] NOT FOUND Ebrezza di Noè (Chiaia)
[58/283] NOT FOUND Cap'Alice (Chiaia)
[59/283] OK        Donna Romita (Centro Storico) — 0.00 km
[60/283] OK        Upnea (Centro Storico) — 0.00 km
[61/283] MOVED     Signora Bettola (Multiple) — 2.39 km
[62/283] OK        Trattoria da Nennella (Centro) — 0.00 km
[63/283] OK        Ristorante Reginella (Posillipo) — 0.00 km
[64/283] MOVED     Calasole (Posillipo) — 1.83 km
[65/283] OK        O'Pazz (Posillipo) — 0.00 km
[66/283] OK        Tufo (Posillipo) — 0.09 km
[67/283] NOT FOUND Delizie Reali — Giardino Torre (Capodimonte)
[68/283] NOT FOUND Abraxas Osteria (Pozzuoli)
[69/283] NOT FOUND Locanda del Gesù Vecchio (Centro Storico)
[70/283] OK        Taverna dell'Arte (Centro Storico) — 0.00 km
[71/283] OK        Mimì alla Ferrovia (Stazione) — 0.00 km
[72/283] NOT FOUND Osteria Napullion (Chiaia)
[73/283] NOT FOUND Osteria Carmella (Centro)
[74/283] OK        Vinarium (Chiaia) — 0.00 km
[75/283] OK        Januarius (Duomo) — 0.00 km
[76/283] NOT FOUND Osteria Pignatelli (Chiaia)
[77/283] OK        Trattoria dell'Oca (Chiaia) — 0.00 km
[78/283] OK        Tandem Ragù (Centro Storico) — 0.00 km
[79/283] OK        Buatta (Vomero) — 0.00 km
[80/283] MOVED     Pastena (Centro) — 28.40 km
[81/283] OK        Friggitoria Vomero (Vomero) — 0.00 km
[82/283] OK        Friggitoria Fiorenzano (Pignasecca) — 0.00 km
[83/283] MOVED     Tarallificio Leopoldo (Multiple) — 4.06 km
[84/283] OK        Di Matteo (Via dei Tribunali) — 0.00 km
[85/283] OK        Gay Odin (Multiple) — 0.00 km
[86/283] MOVED     Di Costanzo (Centro Storico) — 10.64 km
[87/283] OK        Attanasio (Stazione) — 0.00 km
[88/283] OK        Poppella (Multiple) — 0.00 km
[89/283] OK        Pitera (Chiaia) — 0.00 km
[90/283] OK        Ciro a Mergellina (Mergellina) — 0.00 km
[91/283] OK        Casa Infante (Multiple) — 0.55 km
[92/283] OK        Mennella (Multiple) — 0.27 km
[93/283] MOVED     Pastena (Centro) — 28.40 km
[94/283] NOT FOUND Alimentari Coscia (Centro)
[95/283] OK        Con Mollica o Senza (Centro) — 0.00 km
[96/283] OK        Bowl Napoli (Multiple) — 0.00 km
[97/283] OK        Cibi Cotti (Mergellina) — 0.00 km
[98/283] OK        Vinarium (Chiaia) — 0.00 km
[99/283] OK        Cantina della Sapienza (Centro Storico) — 0.00 km
[100/283] NOT FOUND Novità (Centro)
[101/283] NOT FOUND Lazzarelle Bistrot (Centro Storico)
[102/283] NOT FOUND Osteria Fa Ciccio e Mery (Centro)
[103/283] OK        Cu.Qu. (Quartieri Spagnoli) — 0.42 km
[104/283] NOT FOUND Fiero (Mergellina)
[105/283] NOT FOUND Acqualatte (Mergellina)
[106/283] NOT FOUND Caseificio F.lli Petrella (Centro)
[107/283] MOVED     La Tradizione (Vomero) — 10.59 km
[108/283] NOT FOUND Latteria Sorrentina (Multiple)
[109/283] NOT FOUND Sapori di Latte (Multiple)
[110/283] NOT FOUND Mini Caseificio Costanzo (Vomero)
[111/283] NOT FOUND La Saporita — Mozzarella di Bufala Aversana da Ciro (Centro)
[112/283] OK        Zero (Centro) — 0.30 km
[113/283] OK        Bowl Napoli (Multiple) — 0.00 km
[114/283] MOVED     Poke House (Multiple) — 21.45 km
[115/283] OK        O'Grin (Centro) — 0.00 km
[116/283] NOT FOUND Green Mama (Centro)
[117/283] OK        Un Sorriso Integrale (Centro) — 0.07 km
[118/283] OK        Birdy's (Chiaia) — 0.00 km
[119/283] OK        Zero (Near Teatro San Carlo) — 0.30 km
[120/283] OK        It's (Centro) — 0.28 km
[121/283] NOT FOUND Posca (Centro)
[122/283] NOT FOUND Riverso (Vomero)
[123/283] NOT FOUND Lazzarelle Bistrot (Centro Storico)
[124/283] MOVED     The Florist (Via Foria) — 10.33 km
[125/283] OK        O'Grin (Centro) — 0.00 km
[126/283] OK        Cu.Qu (Quartieri Spagnoli) — 0.42 km
[127/283] NOT FOUND Miss Pancake (Vomero)
[128/283] NOT FOUND Stufa dei Fiori — Delizie Reali (Capodimonte)
[129/283] OK        L'Antiquario (Chiaia) — 0.00 km
[130/283] NOT FOUND Gaaastronomia (Centro)
[131/283] NOT FOUND Anthill (Centro)
[132/283] OK        Archivio Storico (Vomero) — 0.00 km
[133/283] NOT FOUND DOM (Centro Storico)
[134/283] MOVED     Moby Dick (Centro) — 15.66 km
[135/283] OK        Flanagan's (Multiple) — 0.00 km
[136/283] OK        Fonoteca (Vomero) — 0.00 km
[137/283] OK        Ex Salumeria (Centro) — 0.00 km
[138/283] NOT FOUND Peppe Vintage (Centro)
[139/283] NOT FOUND Gluu (Centro Storico)
[140/283] OK        Jus (Chiaia) — 0.00 km
[141/283] OK        Indovino (Montesanto) — 0.00 km
[142/283] NOT FOUND Vineria Bandita (Vomero)
[143/283] OK        Enoteca Belledonne (Chiaia) — 0.00 km
[144/283] NOT FOUND Wine Bausan (Chiaia)
[145/283] NOT FOUND Vino Franco (Centro)
[146/283] OK        Vinarium (Chiaia) — 0.00 km
[147/283] MOVED     Puteca (Via Chiaia) — 1.76 km
[148/283] NOT FOUND Vinneapolis (Bagnoli)
[149/283] OK        Mosto (Multiple) — 0.00 km
[150/283] OK        OAK (Centro) — 0.00 km
[151/283] OK        Carafa della Spina (Duomo) — 0.00 km
[152/283] OK        Hoppy Ending (Vomero) — 0.00 km
[153/283] NOT FOUND Loop (Vomero)
[154/283] NOT FOUND Kitebeer (Municipio)
[155/283] OK        Biergarten (Vomero) — 0.00 km
[156/283] NOT FOUND Bayern Haus (Vomero)
[157/283] NOT FOUND Bridge Brew Bar (Centro)
[158/283] OK        Beer Garden Coroglio (Bagnoli) — 0.00 km
[159/283] NOT FOUND Cantina Sociale (Chiaia)
[160/283] NOT FOUND Barril (Chiaia)
[161/283] OK        Chandelier (Chiaia) — 0.00 km
[162/283] NOT FOUND Pacu (Posillipo)
[163/283] NOT FOUND Ba-Bar (Centro (by the university))
[164/283] NOT FOUND NEA (Piazza Bellini)
[165/283] OK        Ennò (Centro) — 0.37 km
[166/283] NOT FOUND Libreria Berisio (Centro)
[167/283] MOVED     Barrio Botanico (Vomero) — 2.02 km
[168/283] MOVED     Bar del Chiostro (Vomero) — 2.01 km
[169/283] OK        Zero (Near Teatro San Carlo) — 0.30 km
[170/283] NOT FOUND 20 Metri Quadri (Vomero)
[171/283] NOT FOUND Diaz Microtorrefazione (Centro)
[172/283] OK        It's (Chiaia) — 0.46 km
[173/283] MOVED     Sansone (Corso V. Emanuele) — 6.89 km
[174/283] NOT FOUND Minimo Coffee Workspace (Centro)
[175/283] OK        Palazzo Venezia (Centro) — 0.00 km
[176/283] OK        Gran Caffè Gambrinus (Centro) — 0.00 km
[177/283] NOT FOUND Exitus Café (Pozzuoli)
[178/283] OK        Via San Gregorio Armeno (Centro Storico) — 0.08 km
[179/283] MOVED     E. Marinella (Riviera di Chiaia) — 25.64 km
[180/283] NOT FOUND Liuteria Calace (Centro Storico)
[181/283] MOVED     Ferrigno (San Gregorio Armeno) — 4.00 km
[182/283] NOT FOUND Ascione Coralli (Galleria Umberto)
[183/283] NOT FOUND Sara Lubrano Sentimental Jewellery (Chiaia)
[184/283] OK        Mario Talarico (Via Toledo) — 0.00 km
[185/283] OK        Tramontano (Via Chiaia) — 0.00 km
[186/283] NOT FOUND Omega Guanti (Centro)
[187/283] NOT FOUND Lello Esposito (Centro Storico)
[188/283] OK        MANN — Museo Archeologico (Centro) — 0.00 km
[189/283] OK        Museo di Capodimonte (Capodimonte) — 0.00 km
[190/283] OK        Certosa e Museo di San Martino (Vomero) — 0.00 km
[191/283] OK        Cappella Sansevero (Centro Storico) — 0.00 km
[192/283] OK        Palazzo Reale (Piazza Plebiscito) — 0.00 km
[193/283] OK        Madre (Centro) — 0.00 km
[194/283] OK        Gallerie d'Italia (Via Toledo) — 0.00 km
[195/283] OK        Cimitero delle Fontanelle (Sanità) — 0.00 km
[196/283] OK        Catacombe di San Gennaro (Sanità) — 0.00 km
[197/283] OK        Napoli Sotterranea (Centro Storico) — 0.00 km
[198/283] NOT FOUND Pompeii & Herculaneum (~30 min by train)
[199/283] OK        Sorrento (Sorrentine Peninsula) — 0.00 km
[200/283] MOVED     Amalfi Coast (Amalfi / Positano) — 4.29 km
[201/283] OK        Capri (Bay island) — 0.00 km
[202/283] OK        Ischia (Bay island) — 0.00 km
[203/283] OK        Procida (Bay island) — 0.00 km
[204/283] NOT FOUND Baia underwater ruins (Bacoli)
[205/283] NOT FOUND Avellino wineries (Irpinia)
[206/283] MOVED     Gaeta (South Lazio) — 70.15 km
[207/283] NOT FOUND Borghi of Campania (Inland hamlets)
[208/283] NOT FOUND Agriturismo in the hills (Campania countryside)
[209/283] OK        Terme di Agnano (Agnano) — 0.14 km
[210/283] MOVED     Stufe di Nerone (Bacoli) — 1.65 km
[211/283] MOVED     Giardini Poseidon Terme (Ischia) — 1.98 km
[212/283] OK        Negombo (Ischia) — 0.00 km
[213/283] NOT FOUND Terme di Castiglione (Ischia)
[214/283] NOT FOUND Romeo Hotel Spa (Porto)
[215/283] NOT FOUND Grand Hotel Vesuvio Spa (Santa Lucia)
[216/283] OK        Bosco di Capodimonte (Capodimonte) — 0.00 km
[217/283] OK        Parco Virgiliano (Posillipo) — 0.00 km
[218/283] OK        Villa Comunale (Chiaia) — 0.00 km
[219/283] OK        Villa Floridiana (Vomero) — 0.00 km
[220/283] OK        Orto Botanico (Via Foria) — 0.21 km
[221/283] OK        Parco del Poggio (Colli Aminei) — 0.00 km
[222/283] NOT FOUND Parco Vergiliano a Piedigrotta (Mergellina)
[223/283] OK        Parco Mascagna (Vomero) — 0.00 km
[224/283] OK        Cratere degli Astroni (Agnano) — 0.00 km
[225/283] NOT FOUND Gaiola Marine Park (Posillipo)
[226/283] NOT FOUND La Pignasecca (Montesanto)
[227/283] OK        Porta Nolana (Garibaldi) — 0.03 km
[228/283] OK        Mercato di Poggioreale (Poggioreale) — 0.00 km
[229/283] OK        Antignano (Vomero) — 0.00 km
[230/283] NOT FOUND La Torretta (Mergellina)
[231/283] OK        Mercato di Fuorigrotta (Fuorigrotta) — 0.00 km
[232/283] NOT FOUND Mercatino di Resina (Ercolano)
[233/283] MOVED     Sant'Antonio Abate (Centro) — 27.85 km
[234/283] MOVED     Mappatella Beach (Lungomare) — 0.76 km
[235/283] MOVED     Bagno Elena (Posillipo) — 1.44 km
[236/283] MOVED     Bagno Ideal (Posillipo) — 1.44 km
[237/283] MOVED     Bagno Sirena (Posillipo) — 2.11 km
[238/283] OK        Rocce Verdi (Posillipo) — 0.36 km
[239/283] OK        Lido Marechiaro (Posillipo) — 0.13 km
[240/283] OK        Spiaggia della Gaiola (Posillipo) — 0.17 km
[241/283] OK        Spiaggia di Miseno (Bacoli) — 0.21 km
[242/283] NOT FOUND Baia Ferretti (Baia)
[243/283] NOT FOUND Farework (Centro)
[244/283] NOT FOUND Minimo Coffee Workspace (Centro)
[245/283] OK        Starbucks (Centro) — 0.12 km
[246/283] NOT FOUND FIL — Felicità Interna Lorda (Business district)
[247/283] NOT FOUND Dialogue Place (Centro)
[248/283] MOVED     Re.Working (Business district) — 1.32 km
[249/283] OK        Bourbon Street (Centro Storico) — 0.00 km
[250/283] OK        Kestè (Centro) — 0.00 km
[251/283] NOT FOUND Slash 2.0 (Vomero)
[252/283] NOT FOUND Blue Turtle Jazz (Chiaia)
[253/283] NOT FOUND Lanificio 25 (Vergini)
[254/283] OK        Casa della Musica (Fuorigrotta) — 0.00 km
[255/283] NOT FOUND Mamamù (Centro)
[256/283] OK        Craft (Centro) — 0.00 km
[257/283] OK        Beer Garden Coroglio (Bagnoli) — 0.00 km
[258/283] NOT FOUND Common Ground (Vomero)
[259/283] OK        Arenile Reload (Bagnoli) — 0.00 km
[260/283] MOVED     Nabilah (Bacoli) — 3.46 km
[261/283] NOT FOUND Rama Beach (Bacoli)
[262/283] NOT FOUND Duel Beach (Bacoli)
[263/283] NOT FOUND Praja (Pozzuoli)
[264/283] NOT FOUND Common Ground (Vomero)
[265/283] OK        Teatro di San Carlo (Via San Carlo) — 0.00 km
[266/283] OK        Teatro Bellini (Centro) — 0.00 km
[267/283] OK        Teatro Mercadante (Piazza Municipio) — 0.00 km
[268/283] NOT FOUND Teatro Trianon Viviani (Forcella)
[269/283] OK        Teatro San Ferdinando (Centro) — 0.00 km
[270/283] OK        Teatro Augusteo (Piazzetta Augusteo) — 0.00 km
[271/283] OK        Teatro Diana (Vomero) — 0.00 km
[272/283] OK        Teatro Sannazaro (Via Chiaia) — 0.00 km
[273/283] OK        Multicinema Modernissimo (Centro Storico) — 0.00 km
[274/283] MOVED     The Space Cinema (Fuorigrotta) — 1.63 km
[275/283] MOVED     Murphy's Law (Vomero) — 25.94 km
[276/283] NOT FOUND Sinclair Scottish Pub (Vomero)
[277/283] OK        Flannery (Fuorigrotta) — 0.00 km
[278/283] OK        Biergarten (Vomero) — 0.00 km
[279/283] OK        L'Oca Nera (Vomero) — 0.00 km
[280/283] OK        Frank Malone (Vomero) — 0.00 km
[281/283] OK        Penny Black (Vomero) — 0.00 km
[282/283] NOT FOUND Pub Viktoria Platz (Vomero)
[283/283] NOT FOUND Herr Daniel (Vomero)

============================================================
OK: 140  |  MOVED: 37  |  NOT FOUND: 106
Report : scripts/geocode-report-2026-06-26.md
Patches: scripts/geocode-patches.json (177 confident pins)
